<?xml version="1.0" encoding="UTF-8"?>
<!-- Generated by org.testng.reporters.JUnitReportReporter -->
<testsuite skipped="0" hostname="WL361484" name="com.tieto.test.AddPatientTest" tests="1" failures="0" timestamp="2020-07-02T16:49:40 IST" time="13.357" errors="0">
  <testcase name="createPatientTest" time="13.357" classname="com.tieto.test.AddPatientTest"/>
  <system-out/>
</testsuite> <!-- com.tieto.test.AddPatientTest -->
