<?xml version="1.0" encoding="UTF-8"?>
<!-- Generated by org.testng.reporters.JUnitReportReporter -->
<testsuite skipped="0" hostname="WL361484" name="com.tieto.test.DemoTest" tests="1" failures="0" timestamp="2020-07-03T13:25:47 IST" time="0.410" errors="0">
  <testcase name="excelRead" time="0.410" classname="com.tieto.test.DemoTest"/>
  <system-out/>
</testsuite> <!-- com.tieto.test.DemoTest -->
