<?xml version="1.0" encoding="UTF-8"?>
<!-- Generated by org.testng.reporters.JUnitReportReporter -->
<testsuite skipped="0" hostname="WL361484" name="com.tieto.test.DemoTest" tests="1" failures="0" timestamp="2020-07-03T15:58:11 IST" time="0.451" errors="0">
  <testcase name="excelRead" time="0.451" classname="com.tieto.test.DemoTest"/>
  <system-out/>
</testsuite> <!-- com.tieto.test.DemoTest -->
